0 info it worked if it ends with ok
1 verbose cli [ '/usr/local/bin/node',
1 verbose cli   '/usr/local/bin/npm',
1 verbose cli   'version',
1 verbose cli   '2.2.7' ]
2 info using npm@3.10.10
3 info using node@v6.10.1
4 info git [ 'status', '--porcelain' ]
5 verbose stack Error: Git working directory not clean.
5 verbose stack A  .gitignore
5 verbose stack A  .npmignore
5 verbose stack M  README.md
5 verbose stack A  build.js
5 verbose stack C  index.js -> emoji-shortnames.json
5 verbose stack M  index.js
5 verbose stack M  package.json
5 verbose stack A  yarn.lock
5 verbose stack     at /usr/local/lib/node_modules/npm/lib/version.js:247:19
5 verbose stack     at /usr/local/lib/node_modules/npm/lib/utils/no-progress-while-running.js:21:8
5 verbose stack     at ChildProcess.exithandler (child_process.js:195:7)
5 verbose stack     at emitTwo (events.js:106:13)
5 verbose stack     at ChildProcess.emit (events.js:191:7)
5 verbose stack     at maybeClose (internal/child_process.js:886:16)
5 verbose stack     at Socket.<anonymous> (internal/child_process.js:342:11)
5 verbose stack     at emitOne (events.js:96:13)
5 verbose stack     at Socket.emit (events.js:188:7)
5 verbose stack     at Pipe._handle.close [as _onclose] (net.js:501:12)
6 verbose cwd /home/pladaria/projects/emoji-shortnames
7 error Linux 3.19.0-32-generic
8 error argv "/usr/local/bin/node" "/usr/local/bin/npm" "version" "2.2.7"
9 error node v6.10.1
10 error npm  v3.10.10
11 error Git working directory not clean.
11 error A  .gitignore
11 error A  .npmignore
11 error M  README.md
11 error A  build.js
11 error C  index.js -> emoji-shortnames.json
11 error M  index.js
11 error M  package.json
11 error A  yarn.lock
12 error If you need help, you may report this error at:
12 error     <https://github.com/npm/npm/issues>
13 verbose exit [ 1, true ]
